2025-06-25T19:49:51.975 INFO  console - Installing service 'file_name_no_extension (file_name_no_extension)'...
2025-06-25T19:49:52.008 INFO  console - Service 'file_name_no_extension (file_name_no_extension)' was installed successfully.
2025-06-25T19:49:53.223 INFO  console - Service 'file_name_no_extension (file_name_no_extension)' was refreshed successfully.
2025-06-25T19:49:53.241 INFO  console - Starting service 'file_name_no_extension (file_name_no_extension)'...
2025-06-25T19:49:53.447 DEBUG console - Starting WinSW in service mode.
2025-06-25T19:49:53.476 INFO  console - Service 'file_name_no_extension (file_name_no_extension)' was refreshed successfully.
2025-06-25T19:49:53.495 INFO  service - Starting sample_python
2025-06-25T19:49:53.522 ERROR service - Failed to start service.
System.ComponentModel.Win32Exception (2): An error occurred trying to start process 'sample_python' with working directory 'C:\Users\username\dev\winsw_scratchpad\bat_as_service'. The system cannot find the file specified.
   at System.Diagnostics.Process.StartWithCreateProcess(ProcessStartInfo)
   at System.Diagnostics.Process.StartCore(ProcessStartInfo)
   at System.Diagnostics.Process.Start()
   at System.Diagnostics.Process.Start(ProcessStartInfo)
   at WinSW.WrapperService.StartProcess(String, String, LogHandler , Action`1 )
   at WinSW.WrapperService.DoStart()
   at WinSW.WrapperService.OnStart(String[])
2025-06-25T19:49:54.518 FATAL console - Failed to start the service.
2025-06-25T19:51:13.432 INFO  console - Service 'file_name_no_extension (file_name_no_extension)' was refreshed successfully.
2025-06-25T19:51:13.450 INFO  console - Stopping service 'file_name_no_extension (file_name_no_extension)'...
2025-06-25T19:51:13.453 INFO  console - Service 'file_name_no_extension (file_name_no_extension)' has already stopped.
2025-06-25T19:51:14.941 INFO  console - Uninstalling service 'file_name_no_extension (file_name_no_extension)'...
2025-06-25T19:51:14.968 INFO  console - Service 'file_name_no_extension (file_name_no_extension)' was uninstalled successfully.
